Running in Lattice mode


Starting:    /home/ed/lscc/iCEcube2.2017.08/synpbase/linux_a_64/mbin/synbatch
Install:     /home/ed/lscc/iCEcube2.2017.08/synpbase
Hostname:    orinoco
Date:        Sun Dec 17 21:45:31 2017
Version:     L-2016.09L+ice40

Arguments:   -product synplify_pro -batch ch06_countdown_timer_syn.prj
ProductType: synplify_pro





log file: "/home/ed/dev/prog_fpgas/mystorm/ch06_countdown_timer/ch06_countdown_timer_Implmnt/ch06_countdown_timer.srr"
Running: ch06_countdown_timer_Implmnt in foreground

Running ch06_countdown_timer_syn|ch06_countdown_timer_Implmnt

Running: compile (Compile) on ch06_countdown_timer_syn|ch06_countdown_timer_Implmnt
# Sun Dec 17 21:45:31 2017

Running: compile_flow (Compile Process) on ch06_countdown_timer_syn|ch06_countdown_timer_Implmnt
# Sun Dec 17 21:45:31 2017

Running: compiler (Compile Input) on ch06_countdown_timer_syn|ch06_countdown_timer_Implmnt
# Sun Dec 17 21:45:31 2017
Copied /home/ed/dev/prog_fpgas/mystorm/ch06_countdown_timer/ch06_countdown_timer_Implmnt/synwork/ch06_countdown_timer_comp.srs to /home/ed/dev/prog_fpgas/mystorm/ch06_countdown_timer/ch06_countdown_timer_Implmnt/ch06_countdown_timer.srs

compiler completed
# Sun Dec 17 21:45:32 2017

Return Code: 0
Run Time:00h:00m:01s

Running: multi_srs_gen (Multi-srs Generator) on ch06_countdown_timer_syn|ch06_countdown_timer_Implmnt
# Sun Dec 17 21:45:32 2017

multi_srs_gen completed
# Sun Dec 17 21:45:32 2017

Return Code: 0
Run Time:00h:00m:00s
Copied /home/ed/dev/prog_fpgas/mystorm/ch06_countdown_timer/ch06_countdown_timer_Implmnt/synwork/ch06_countdown_timer_mult.srs to /home/ed/dev/prog_fpgas/mystorm/ch06_countdown_timer/ch06_countdown_timer_Implmnt/ch06_countdown_timer.srs
Complete: Compile Process on ch06_countdown_timer_syn|ch06_countdown_timer_Implmnt

Running: premap (Pre-mapping) on ch06_countdown_timer_syn|ch06_countdown_timer_Implmnt
# Sun Dec 17 21:45:32 2017

premap completed with warnings
# Sun Dec 17 21:45:33 2017

Return Code: 1
Run Time:00h:00m:01s
Complete: Compile on ch06_countdown_timer_syn|ch06_countdown_timer_Implmnt

Running: map (Map) on ch06_countdown_timer_syn|ch06_countdown_timer_Implmnt
# Sun Dec 17 21:45:33 2017
License granted for 4 parallel jobs

Running: fpga_mapper (Map & Optimize) on ch06_countdown_timer_syn|ch06_countdown_timer_Implmnt
# Sun Dec 17 21:45:33 2017
Copied /home/ed/dev/prog_fpgas/mystorm/ch06_countdown_timer/ch06_countdown_timer_Implmnt/synwork/ch06_countdown_timer_m.srm to /home/ed/dev/prog_fpgas/mystorm/ch06_countdown_timer/ch06_countdown_timer_Implmnt/ch06_countdown_timer.srm

fpga_mapper completed with warnings
# Sun Dec 17 21:45:35 2017

Return Code: 1
Run Time:00h:00m:02s
Complete: Map on ch06_countdown_timer_syn|ch06_countdown_timer_Implmnt
Complete: Logic Synthesis on ch06_countdown_timer_syn|ch06_countdown_timer_Implmnt

exit status=0

exit status=0

