* ******************************************************************************

* iCEcube Packer

* Version:            2017.08.27940

* Build Date:         Sep 12 2017 08:02:28

* File Generated:     Dec 2 2017 22:10:28

* Purpose:            General info of design implementation

* Copyright (C) 2006-2010 by Lattice Semiconductor Corp. All rights reserved.

* ******************************************************************************

Command Line: /home/ed/lscc/iCEcube2.2017.08/sbt_backend/bin/linux/opt/packer  /home/ed/lscc/iCEcube2.2017.08/sbt_backend/devices/ICE40P04.dev  /home/ed/dev/prog_fpgas/mystorm/ch04_counter_verilog/ch04_counter_verilog_Implmnt/sbt/netlist/oadb-counter  --package  TQ144  --outdir  /home/ed/dev/prog_fpgas/mystorm/ch04_counter_verilog/ch04_counter_verilog_Implmnt/sbt/outputs/packer  --translator  /home/ed/lscc/iCEcube2.2017.08/sbt_backend/bin/sdc_translator.tcl  --src_sdc_file  /home/ed/dev/prog_fpgas/mystorm/ch04_counter_verilog/ch04_counter_verilog_Implmnt/sbt/outputs/placer/counter_pl.sdc  --dst_sdc_file  /home/ed/dev/prog_fpgas/mystorm/ch04_counter_verilog/ch04_counter_verilog_Implmnt/sbt/outputs/packer/counter_pk.sdc  --devicename  iCE40HX4K  

***** Device Info *****
Chip: iCE40HX4K
Package: TQ144
Size: 24 X 20

***** Design Utilization Info *****
Design: counter
Used Logic Cell: 4/3520
Used Logic Tile: 1/440
Used IO Cell:    5/176
Used Bram Cell For iCE40: 0/20
Used PLL For iCE40: 0/2
Ram Cascading Used: 0
Lut Cascading Used: 0

***** Clock Info *****
Clock Domain: Clock_c_g
Clock Source: Clock_ibuf_gb_io_gb_input 
Clock Driver: Clock_ibuf_gb_io_gb (ICE_GB)
Driver Position: (0, 11, 0)
Fanout to FF: 4
Fanout to Tile: 1


***** Placement Info *****
Logic cell utilization per tile
    . . . . + . . . . 1 . . . . + . . . . 2 . . . . + . 
   ----------------------------------------------------
21|                                                     
20|   0 0 0 0 0 0 0 0 0 0 0 0 0 0 0 0 0 0 0 0 0 0 0 0   
19|   0 0 0 0 0 0 0 0 0 0 0 0 0 0 0 0 0 0 0 0 0 0 0 0   
18|   0 0 0 0 0 0 0 0 0 0 0 0 0 0 0 0 0 0 0 0 0 0 0 0   
17|   0 0 0 0 0 0 0 0 0 0 0 0 0 0 0 0 0 0 0 0 0 0 0 0   
16|   0 0 0 0 0 0 0 0 0 0 0 0 0 0 0 0 0 0 0 0 0 0 0 0   
15|   0 0 0 0 0 0 0 0 0 0 0 0 0 0 0 0 0 0 0 0 0 0 0 0   
14|   0 0 0 0 0 0 0 0 0 0 0 0 0 0 0 0 0 0 0 0 0 0 0 0   
13|   0 0 0 0 0 0 0 0 0 0 0 0 0 0 0 0 0 0 0 0 0 0 0 0   
12|   0 0 0 0 0 0 0 0 0 0 0 0 0 0 0 0 0 0 0 0 0 0 0 0   
11|   0 0 0 0 0 0 0 0 0 0 0 0 0 0 0 0 0 0 0 0 0 0 0 0   
10|   0 0 0 0 0 0 0 0 0 0 0 0 0 0 0 0 0 0 0 0 0 0 0 0   
 9|   0 0 0 0 0 0 0 0 0 0 0 0 0 0 0 0 0 0 0 0 0 0 0 0   
 8|   0 0 0 0 0 0 0 0 0 0 0 0 0 0 0 0 0 0 0 0 0 0 0 0   
 7|   0 0 0 0 0 0 0 0 0 0 0 0 0 0 0 0 0 0 0 0 0 0 0 0   
 6|   0 0 0 0 0 0 0 0 0 0 0 0 0 0 0 0 0 0 0 0 0 0 0 0   
 5|   0 0 0 0 0 0 0 0 0 0 0 0 0 0 0 0 0 0 0 0 0 0 0 0   
 4|   0 0 0 0 0 0 0 0 0 0 0 0 0 0 0 0 0 0 0 0 0 0 0 0   
 3|   0 0 0 0 0 0 0 0 0 0 0 0 0 0 0 0 0 0 0 0 0 0 0 0   
 2|   0 0 0 0 0 0 0 0 0 0 0 0 0 0 0 0 0 0 0 0 0 0 0 0   
 1|   0 0 0 0 0 0 0 0 0 0 0 0 0 0 0 0 0 0 0 4 0 0 0 0   
 0|                                                     

Maximum number of Logic cells per logic tile: 4
Average number of Logic cells per logic tile: 4.00

***** Input Pin Density Info *****
Number of input nets per logic tile
     .  .  .  .  +  .  .  .  .  1  .  .  .  .  +  .  .  .  .  2  .  .  .  .  +  . 
   ------------------------------------------------------------------------------
21|                                                                               
20|     0  0  0  0  0  0  0  0  0  0  0  0  0  0  0  0  0  0  0  0  0  0  0  0    
19|     0  0  0  0  0  0  0  0  0  0  0  0  0  0  0  0  0  0  0  0  0  0  0  0    
18|     0  0  0  0  0  0  0  0  0  0  0  0  0  0  0  0  0  0  0  0  0  0  0  0    
17|     0  0  0  0  0  0  0  0  0  0  0  0  0  0  0  0  0  0  0  0  0  0  0  0    
16|     0  0  0  0  0  0  0  0  0  0  0  0  0  0  0  0  0  0  0  0  0  0  0  0    
15|     0  0  0  0  0  0  0  0  0  0  0  0  0  0  0  0  0  0  0  0  0  0  0  0    
14|     0  0  0  0  0  0  0  0  0  0  0  0  0  0  0  0  0  0  0  0  0  0  0  0    
13|     0  0  0  0  0  0  0  0  0  0  0  0  0  0  0  0  0  0  0  0  0  0  0  0    
12|     0  0  0  0  0  0  0  0  0  0  0  0  0  0  0  0  0  0  0  0  0  0  0  0    
11|     0  0  0  0  0  0  0  0  0  0  0  0  0  0  0  0  0  0  0  0  0  0  0  0    
10|     0  0  0  0  0  0  0  0  0  0  0  0  0  0  0  0  0  0  0  0  0  0  0  0    
 9|     0  0  0  0  0  0  0  0  0  0  0  0  0  0  0  0  0  0  0  0  0  0  0  0    
 8|     0  0  0  0  0  0  0  0  0  0  0  0  0  0  0  0  0  0  0  0  0  0  0  0    
 7|     0  0  0  0  0  0  0  0  0  0  0  0  0  0  0  0  0  0  0  0  0  0  0  0    
 6|     0  0  0  0  0  0  0  0  0  0  0  0  0  0  0  0  0  0  0  0  0  0  0  0    
 5|     0  0  0  0  0  0  0  0  0  0  0  0  0  0  0  0  0  0  0  0  0  0  0  0    
 4|     0  0  0  0  0  0  0  0  0  0  0  0  0  0  0  0  0  0  0  0  0  0  0  0    
 3|     0  0  0  0  0  0  0  0  0  0  0  0  0  0  0  0  0  0  0  0  0  0  0  0    
 2|     0  0  0  0  0  0  0  0  0  0  0  0  0  0  0  0  0  0  0  0  0  0  0  0    
 1|     0  0  0  0  0  0  0  0  0  0  0  0  0  0  0  0  0  0  0  4  0  0  0  0    
 0|                                                                               

Maximum number of input nets per logic tile: 4
Average number of input nets per logic tile: 4.00

Number of input pins per logic tile
     .  .  .  .  +  .  .  .  .  1  .  .  .  .  +  .  .  .  .  2  .  .  .  .  +  . 
   ------------------------------------------------------------------------------
21|                                                                               
20|     0  0  0  0  0  0  0  0  0  0  0  0  0  0  0  0  0  0  0  0  0  0  0  0    
19|     0  0  0  0  0  0  0  0  0  0  0  0  0  0  0  0  0  0  0  0  0  0  0  0    
18|     0  0  0  0  0  0  0  0  0  0  0  0  0  0  0  0  0  0  0  0  0  0  0  0    
17|     0  0  0  0  0  0  0  0  0  0  0  0  0  0  0  0  0  0  0  0  0  0  0  0    
16|     0  0  0  0  0  0  0  0  0  0  0  0  0  0  0  0  0  0  0  0  0  0  0  0    
15|     0  0  0  0  0  0  0  0  0  0  0  0  0  0  0  0  0  0  0  0  0  0  0  0    
14|     0  0  0  0  0  0  0  0  0  0  0  0  0  0  0  0  0  0  0  0  0  0  0  0    
13|     0  0  0  0  0  0  0  0  0  0  0  0  0  0  0  0  0  0  0  0  0  0  0  0    
12|     0  0  0  0  0  0  0  0  0  0  0  0  0  0  0  0  0  0  0  0  0  0  0  0    
11|     0  0  0  0  0  0  0  0  0  0  0  0  0  0  0  0  0  0  0  0  0  0  0  0    
10|     0  0  0  0  0  0  0  0  0  0  0  0  0  0  0  0  0  0  0  0  0  0  0  0    
 9|     0  0  0  0  0  0  0  0  0  0  0  0  0  0  0  0  0  0  0  0  0  0  0  0    
 8|     0  0  0  0  0  0  0  0  0  0  0  0  0  0  0  0  0  0  0  0  0  0  0  0    
 7|     0  0  0  0  0  0  0  0  0  0  0  0  0  0  0  0  0  0  0  0  0  0  0  0    
 6|     0  0  0  0  0  0  0  0  0  0  0  0  0  0  0  0  0  0  0  0  0  0  0  0    
 5|     0  0  0  0  0  0  0  0  0  0  0  0  0  0  0  0  0  0  0  0  0  0  0  0    
 4|     0  0  0  0  0  0  0  0  0  0  0  0  0  0  0  0  0  0  0  0  0  0  0  0    
 3|     0  0  0  0  0  0  0  0  0  0  0  0  0  0  0  0  0  0  0  0  0  0  0  0    
 2|     0  0  0  0  0  0  0  0  0  0  0  0  0  0  0  0  0  0  0  0  0  0  0  0    
 1|     0  0  0  0  0  0  0  0  0  0  0  0  0  0  0  0  0  0  0 10  0  0  0  0    
 0|                                                                               

Maximum number of input pins per logic tile: 10
Average number of input pins per logic tile: 10.00

***** Run Time Info *****
Run Time:  1
