Running in Lattice mode


Starting:    /home/ed/lscc/iCEcube2.2017.08/synpbase/linux_a_64/mbin/synbatch
Install:     /home/ed/lscc/iCEcube2.2017.08/synpbase
Hostname:    orinoco
Date:        Wed Dec 13 23:42:24 2017
Version:     L-2016.09L+ice40

Arguments:   -product synplify_pro -batch ch05_counter_7_seg_syn.prj
ProductType: synplify_pro





log file: "/home/ed/dev/prog_fpgas/mystorm/ch05_counter_7_seg/ch05_counter_7_seg_Implmnt/ch05_counter_7_seg.srr"
Running: ch05_counter_7_seg_Implmnt in foreground

Running ch05_counter_7_seg_syn|ch05_counter_7_seg_Implmnt

Running: compile (Compile) on ch05_counter_7_seg_syn|ch05_counter_7_seg_Implmnt
# Wed Dec 13 23:42:24 2017

Running: compile_flow (Compile Process) on ch05_counter_7_seg_syn|ch05_counter_7_seg_Implmnt
# Wed Dec 13 23:42:24 2017

Running: compiler (Compile Input) on ch05_counter_7_seg_syn|ch05_counter_7_seg_Implmnt
# Wed Dec 13 23:42:24 2017
Copied /home/ed/dev/prog_fpgas/mystorm/ch05_counter_7_seg/ch05_counter_7_seg_Implmnt/synwork/ch05_counter_7_seg_comp.srs to /home/ed/dev/prog_fpgas/mystorm/ch05_counter_7_seg/ch05_counter_7_seg_Implmnt/ch05_counter_7_seg.srs

compiler completed
# Wed Dec 13 23:42:25 2017

Return Code: 0
Run Time:00h:00m:01s

Running: multi_srs_gen (Multi-srs Generator) on ch05_counter_7_seg_syn|ch05_counter_7_seg_Implmnt
# Wed Dec 13 23:42:25 2017

multi_srs_gen completed
# Wed Dec 13 23:42:25 2017

Return Code: 0
Run Time:00h:00m:00s
Copied /home/ed/dev/prog_fpgas/mystorm/ch05_counter_7_seg/ch05_counter_7_seg_Implmnt/synwork/ch05_counter_7_seg_mult.srs to /home/ed/dev/prog_fpgas/mystorm/ch05_counter_7_seg/ch05_counter_7_seg_Implmnt/ch05_counter_7_seg.srs
Complete: Compile Process on ch05_counter_7_seg_syn|ch05_counter_7_seg_Implmnt

Running: premap (Pre-mapping) on ch05_counter_7_seg_syn|ch05_counter_7_seg_Implmnt
# Wed Dec 13 23:42:25 2017

premap completed with warnings
# Wed Dec 13 23:42:25 2017

Return Code: 1
Run Time:00h:00m:00s
Complete: Compile on ch05_counter_7_seg_syn|ch05_counter_7_seg_Implmnt

Running: map (Map) on ch05_counter_7_seg_syn|ch05_counter_7_seg_Implmnt
# Wed Dec 13 23:42:25 2017
License granted for 4 parallel jobs

Running: fpga_mapper (Map & Optimize) on ch05_counter_7_seg_syn|ch05_counter_7_seg_Implmnt
# Wed Dec 13 23:42:25 2017
Copied /home/ed/dev/prog_fpgas/mystorm/ch05_counter_7_seg/ch05_counter_7_seg_Implmnt/synwork/ch05_counter_7_seg_m.srm to /home/ed/dev/prog_fpgas/mystorm/ch05_counter_7_seg/ch05_counter_7_seg_Implmnt/ch05_counter_7_seg.srm

fpga_mapper completed with warnings
# Wed Dec 13 23:42:27 2017

Return Code: 1
Run Time:00h:00m:02s
Complete: Map on ch05_counter_7_seg_syn|ch05_counter_7_seg_Implmnt
Complete: Logic Synthesis on ch05_counter_7_seg_syn|ch05_counter_7_seg_Implmnt

exit status=0

exit status=0

