---------------------------------------
Resource Usage Report for counter_7_seg 

Mapping to part: ice40hx4ktq144
Cell usage:
GND             6 uses
SB_CARRY        74 uses
SB_DFF          93 uses
SB_DFFSR        37 uses
SB_GB           2 uses
VCC             6 uses
SB_LUT4         210 uses

I/O ports: 19
I/O primitives: 19
SB_GB_IO       1 use
SB_IO          18 uses

I/O Register bits:                  0
Register bits not including I/Os:   130 (3%)

@S |Mapping Summary:
Total  LUTs: 210 (5%)

Distribution of All Consumed LUTs = LUT4 
Distribution of All Consumed Luts 210 = 210 

