Running in Lattice mode


Starting:    /home/ed/lscc/iCEcube2.2017.08/synpbase/linux_a_64/mbin/synbatch
Install:     /home/ed/lscc/iCEcube2.2017.08/synpbase
Hostname:    obidos
Date:        Sat Dec  2 22:10:07 2017
Version:     L-2016.09L+ice40

Arguments:   -product synplify_pro -batch ch04_counter_verilog_syn.prj
ProductType: synplify_pro





log file: "/home/ed/dev/prog_fpgas/mystorm/ch04_counter_verilog/ch04_counter_verilog_Implmnt/ch04_counter_verilog.srr"
Running: ch04_counter_verilog_Implmnt in foreground

Running ch04_counter_verilog_syn|ch04_counter_verilog_Implmnt

Running: compile (Compile) on ch04_counter_verilog_syn|ch04_counter_verilog_Implmnt
# Sat Dec  2 22:10:07 2017

Running: compile_flow (Compile Process) on ch04_counter_verilog_syn|ch04_counter_verilog_Implmnt
# Sat Dec  2 22:10:07 2017

Running: compiler (Compile Input) on ch04_counter_verilog_syn|ch04_counter_verilog_Implmnt
# Sat Dec  2 22:10:07 2017
Copied /home/ed/dev/prog_fpgas/mystorm/ch04_counter_verilog/ch04_counter_verilog_Implmnt/synwork/ch04_counter_verilog_comp.srs to /home/ed/dev/prog_fpgas/mystorm/ch04_counter_verilog/ch04_counter_verilog_Implmnt/ch04_counter_verilog.srs

compiler completed
# Sat Dec  2 22:10:09 2017

Return Code: 0
Run Time:00h:00m:02s

Running: multi_srs_gen (Multi-srs Generator) on ch04_counter_verilog_syn|ch04_counter_verilog_Implmnt
# Sat Dec  2 22:10:09 2017

multi_srs_gen completed
# Sat Dec  2 22:10:09 2017

Return Code: 0
Run Time:00h:00m:00s
Copied /home/ed/dev/prog_fpgas/mystorm/ch04_counter_verilog/ch04_counter_verilog_Implmnt/synwork/ch04_counter_verilog_mult.srs to /home/ed/dev/prog_fpgas/mystorm/ch04_counter_verilog/ch04_counter_verilog_Implmnt/ch04_counter_verilog.srs
Complete: Compile Process on ch04_counter_verilog_syn|ch04_counter_verilog_Implmnt

Running: premap (Pre-mapping) on ch04_counter_verilog_syn|ch04_counter_verilog_Implmnt
# Sat Dec  2 22:10:09 2017

premap completed with warnings
# Sat Dec  2 22:10:09 2017

Return Code: 1
Run Time:00h:00m:00s
Complete: Compile on ch04_counter_verilog_syn|ch04_counter_verilog_Implmnt

Running: map (Map) on ch04_counter_verilog_syn|ch04_counter_verilog_Implmnt
# Sat Dec  2 22:10:09 2017
License granted for 4 parallel jobs

Running: fpga_mapper (Map & Optimize) on ch04_counter_verilog_syn|ch04_counter_verilog_Implmnt
# Sat Dec  2 22:10:09 2017
Copied /home/ed/dev/prog_fpgas/mystorm/ch04_counter_verilog/ch04_counter_verilog_Implmnt/synwork/ch04_counter_verilog_m.srm to /home/ed/dev/prog_fpgas/mystorm/ch04_counter_verilog/ch04_counter_verilog_Implmnt/ch04_counter_verilog.srm

fpga_mapper completed with warnings
# Sat Dec  2 22:10:10 2017

Return Code: 1
Run Time:00h:00m:01s
Complete: Map on ch04_counter_verilog_syn|ch04_counter_verilog_Implmnt
Complete: Logic Synthesis on ch04_counter_verilog_syn|ch04_counter_verilog_Implmnt

exit status=0

exit status=0

