* ******************************************************************************

* iCEcube Placer

* Version:            2017.08.27940

* Build Date:         Sep 12 2017 08:14:10

* File Generated:     Dec 2 2017 22:10:12

* Purpose:            

* Copyright (C) 2006-2010 by Lattice Semiconductor Corp. All rights reserved.

* ******************************************************************************

Executing : /home/ed/lscc/iCEcube2.2017.08/sbt_backend/bin/linux/opt/sbtplacer --des-lib /home/ed/dev/prog_fpgas/mystorm/ch04_counter_verilog/ch04_counter_verilog_Implmnt/sbt/netlist/oadb-counter --outdir /home/ed/dev/prog_fpgas/mystorm/ch04_counter_verilog/ch04_counter_verilog_Implmnt/sbt/outputs/placer --device-file /home/ed/lscc/iCEcube2.2017.08/sbt_backend/devices/ICE40P04.dev --package TQ144 --deviceMarketName iCE40HX4K --sdc-file /home/ed/dev/prog_fpgas/mystorm/ch04_counter_verilog/ch04_counter_verilog_Implmnt/sbt/Temp/sbt_temp.sdc --lib-file /home/ed/lscc/iCEcube2.2017.08/sbt_backend/devices/ice40HX8K.lib --effort_level std --out-sdc-file /home/ed/dev/prog_fpgas/mystorm/ch04_counter_verilog/ch04_counter_verilog_Implmnt/sbt/outputs/placer/counter_pl.sdc
I2004: Option and Settings Summary
=============================================================
Device file          - /home/ed/lscc/iCEcube2.2017.08/sbt_backend/devices/ICE40P04.dev
Package              - TQ144
Design database      - /home/ed/dev/prog_fpgas/mystorm/ch04_counter_verilog/ch04_counter_verilog_Implmnt/sbt/netlist/oadb-counter
SDC file             - /home/ed/dev/prog_fpgas/mystorm/ch04_counter_verilog/ch04_counter_verilog_Implmnt/sbt/Temp/sbt_temp.sdc
Output directory     - /home/ed/dev/prog_fpgas/mystorm/ch04_counter_verilog/ch04_counter_verilog_Implmnt/sbt/outputs/placer
Timing library       - /home/ed/lscc/iCEcube2.2017.08/sbt_backend/devices/ice40HX8K.lib
Effort level         - std

I2050: Starting reading inputs for placer
=============================================================
I2100: Reading design library: /home/ed/dev/prog_fpgas/mystorm/ch04_counter_verilog/ch04_counter_verilog_Implmnt/sbt/netlist/oadb-counter/BFPGA_DESIGN_ep
I2065: Reading device file : /home/ed/lscc/iCEcube2.2017.08/sbt_backend/devices/ICE40P04.dev
I2051: Reading of inputs for placer completed successfully

I2053: Starting placement of the design
=============================================================

Input Design Statistics
    Number of LUTs      	:	4
    Number of DFFs      	:	4
    Number of DFFs packed to IO	:	0
    Number of Carrys    	:	0
    Number of RAMs      	:	0
    Number of ROMs      	:	0
    Number of IOs       	:	4
    Number of GBIOs     	:	1
    Number of GBs       	:	0
    Number of WarmBoot  	:	0
    Number of PLLs      	:	0


Phase 1
I2077: Start design legalization
W2216: SB_GB_IO 'Clock_ibuf_gb_io' is assigned to a non-GB pin '63'. Replacing it with SB_IO 'Clock_ibuf_gb_io' and SB_GB 'Clock_ibuf_gb_io_gb'

Design Legalization Statistics
    Number of feedthru LUTs inserted to legalize input of DFFs     	:	0
    Number of feedthru LUTs inserted for LUTs driving multiple DFFs	:	0
    Number of LUTs replicated for LUTs driving multiple DFFs       	:	0
    Number of feedthru LUTs inserted to legalize output of CARRYs  	:	0
    Number of feedthru LUTs inserted to legalize global signals    	:	0
    Number of feedthru CARRYs inserted to legalize input of CARRYs 	:	0
    Number of inserted LUTs to Legalize IOs with PIN_TYPE= 01xxxx  	:	0
    Number of inserted LUTs to Legalize IOs with PIN_TYPE= 10xxxx  	:	0
    Number of inserted LUTs to Legalize IOs with PIN_TYPE= 11xxxx  	:	0
    Total LUTs inserted                                            	:	0
    Total CARRYs inserted                                          	:	0


I2078: Design legalization is completed successfully
I2088: Phase 1, elapsed time : 0.0 (sec)


Phase 2
I2088: Phase 2, elapsed time : 0.0 (sec)

Phase 3
Warning-1034: Found non-unate timing arc, from pin "PACKAGEPIN" to pin "DIN0" of instance "Clock_ibuf_gb_io", in the clock network. Converting the timing arc to positive-unate

Design Statistics after Packing
    Number of LUTs      	:	4
    Number of DFFs      	:	4
    Number of DFFs packed to IO	:	0
    Number of Carrys    	:	0

Device Utilization Summary after Packing
    Sequential LogicCells
        LUT and DFF      	:	4
        LUT, DFF and CARRY	:	0
    Combinational LogicCells
        Only LUT         	:	0
        CARRY Only       	:	0
        LUT with CARRY   	:	0
    LogicCells                  :	4/3520
    PLBs                        :	1/440
    BRAMs                       :	0/20
    IOs and GBIOs               :	5/107
    PLLs                        :	0/2


I2088: Phase 3, elapsed time : 0.3 (sec)

Phase 4
I2088: Phase 4, elapsed time : 0.3 (sec)

Phase 5
I2088: Phase 5, elapsed time : 0.0 (sec)

Phase 6
I2088: Phase 6, elapsed time : 12.0 (sec)

Final Design Statistics
    Number of LUTs      	:	4
    Number of DFFs      	:	4
    Number of DFFs packed to IO	:	0
    Number of Carrys    	:	0
    Number of RAMs      	:	0
    Number of ROMs      	:	0
    Number of IOs       	:	5
    Number of GBIOs     	:	0
    Number of GBs       	:	1
    Number of WarmBoot  	:	0
    Number of PLLs      	:	0

Device Utilization Summary
    LogicCells                  :	4/3520
    PLBs                        :	1/440
    BRAMs                       :	0/20
    IOs and GBIOs               :	5/107
    PLLs                        :	0/2



#####################################################################
Placement Timing Summary

The timing summary is based on estimated routing delays after
placement. For final timing report, please carry out the timing
analysis after routing.
=====================================================================

#####################################################################
                     Clock Summary 
=====================================================================
Number of clocks: 1
Clock: counter|Clock | Frequency: 542.32 MHz | Target: 280.11 MHz

=====================================================================
                     End of Clock Summary
#####################################################################

I2054: Placement of design completed successfully

I2076: Placer run-time: 12.9 sec.

