---------------------------------------
Resource Usage Report for debounce 

Mapping to part: ice40hx4ktq144
Cell usage:
GND             2 uses
SB_CARRY        30 uses
SB_DFF          7 uses
SB_DFFE         2 uses
SB_DFFSR        34 uses
SB_GB           2 uses
VCC             2 uses
SB_LUT4         50 uses

I/O ports: 6
I/O primitives: 6
SB_GB_IO       1 use
SB_IO          5 uses

I/O Register bits:                  0
Register bits not including I/Os:   43 (1%)

@S |Mapping Summary:
Total  LUTs: 50 (1%)

Distribution of All Consumed LUTs = LUT4 
Distribution of All Consumed Luts 50 = 50 

