# Synopsys Constraint Checker, version maplat, Build 1612R, built Dec  5 2016
# Copyright (C) 1994-2016 Synopsys, Inc. All rights reserved. This Synopsys software and all associated documentation are proprietary to Synopsys, Inc. and may only be used pursuant to the terms and conditions of a written license agreement with Synopsys, Inc. All other use, reproduction, modification, or distribution of the Synopsys software or the associated documentation is strictly prohibited.

# Written on Sat Dec 23 14:21:27 2017


##### DESIGN INFO #######################################################

Top View:                "pwm_tester"
Constraint File(s):      (none)




##### SUMMARY ############################################################

Found 0 issues in 0 out of 0 constraints


##### DETAILS ############################################################



Clock Relationships
*******************

Starting                                  Ending                                    |     rise to rise     |     fall to fall     |     rise to fall     |     fall to rise                     
-----------------------------------------------------------------------------------------------------------------------------------------------------------------------------------------------
pwm_tester|CLK                            pwm_tester|CLK                            |     1000.000         |     No paths         |     No paths         |     No paths                         
pwm_tester|CLK                            pwm_tester|prescaler_derived_clock[6]     |     1000.000         |     No paths         |     No paths         |     No paths                         
pwm_tester|prescaler_derived_clock[6]     pwm_tester|prescaler_derived_clock[6]     |     1000.000         |     No paths         |     No paths         |     No paths                         
===============================================================================================================================================================================================
 Note: 'No paths' indicates there are no paths in the design for that pair of clock edges.
       'Diff grp' indicates that paths exist but the starting clock and ending clock are in different clock groups.


Unconstrained Start/End Points
******************************

p:PWM_PIN
p:switch_dn
p:switch_up


Inapplicable constraints
************************

(none)


Applicable constraints with issues
**********************************

(none)


Constraints with matching wildcard expressions
**********************************************

(none)


Library Report
**************


# End of Constraint Checker Report
